<?xml version="1.0" encoding="UTF-8"?>
<!-- Generated by org.testng.reporters.JUnitXMLReporter -->
<testsuite ignored="1" hostname="Praneeth" failures="0" tests="8" name="Test" time="0.097" errors="0" timestamp="2022-12-27T15:55:01 IST">
  <testcase classname="groupExecution.ThirdTest" name="thirdBuildTestcase1" time="0.012"/>
  <testcase classname="groupExecution.ThirdTest" name="thirdBuildTestcase2" time="0.002"/>
  <testcase classname="groupExecution.FirstTest" name="firstBuildTestCase1" time="0.0"/>
  <testcase classname="groupExecution.FirstTest" name="firstBuildTestCase2" time="0.0"/>
  <testcase classname="groupExecution.FirstTest" name="firstBuildTestcase" time="0.0"/>
  <testcase classname="groupExecution.SecondTest" name="secondBuildTestcase1" time="0.001"/>
  <testcase classname="groupExecution.SecondTest" name="secondBuildTestcase2" time="0.003"/>
  <testcase classname="groupExecution.SecondTest" name="secondBuildTestcase3" time="0.002"/>
  <testcase classname="groupExecution.ThirdTest" name="thirdBuildTestcase3" time="0.0">
    <ignored/>
  </testcase> <!-- thirdBuildTestcase3 -->
</testsuite> <!-- Test -->
